C:\Documents and Settings\Administrator\桌面\待做\A_家庭服务机器人\Debug\FRManager.exp
C:\DOCUMENTS AND SETTINGS\ADMINISTRATOR\桌面\待做\A_家庭服务机器人\DEBUG\FRMANAGER.ILK
C:\Documents and Settings\Administrator\桌面\待做\A_家庭服务机器人\Debug\FRManager.lib
C:\DOCUMENTS AND SETTINGS\ADMINISTRATOR\桌面\待做\A_家庭服务机器人\DEBUG\FRMANAGER.OCX
C:\DOCUMENTS AND SETTINGS\ADMINISTRATOR\桌面\待做\A_家庭服务机器人\DEBUG\FRMANAGER.PDB
C:\Documents and Settings\Administrator\桌面\待做\A_家庭服务机器人\FRManager\Debug\cl.command.1.tlog
C:\Documents and Settings\Administrator\桌面\待做\A_家庭服务机器人\FRManager\Debug\CL.read.1.tlog
C:\Documents and Settings\Administrator\桌面\待做\A_家庭服务机器人\FRManager\Debug\CL.write.1.tlog
C:\DOCUMENTS AND SETTINGS\ADMINISTRATOR\桌面\待做\A_家庭服务机器人\FRMANAGER\DEBUG\CONTEHMM.OBJ
C:\DOCUMENTS AND SETTINGS\ADMINISTRATOR\桌面\待做\A_家庭服务机器人\FRMANAGER\DEBUG\CVVIMAGE.OBJ
C:\DOCUMENTS AND SETTINGS\ADMINISTRATOR\桌面\待做\A_家庭服务机器人\FRMANAGER\DEBUG\FACEBASE.OBJ
C:\DOCUMENTS AND SETTINGS\ADMINISTRATOR\桌面\待做\A_家庭服务机器人\FRMANAGER\DEBUG\FACEDETECT.OBJ
C:\DOCUMENTS AND SETTINGS\ADMINISTRATOR\桌面\待做\A_家庭服务机器人\FRMANAGER\DEBUG\FRMANAGER.OBJ
C:\DOCUMENTS AND SETTINGS\ADMINISTRATOR\桌面\待做\A_家庭服务机器人\FRMANAGER\DEBUG\FRMANAGER.OCX.EMBED.MANIFEST
C:\DOCUMENTS AND SETTINGS\ADMINISTRATOR\桌面\待做\A_家庭服务机器人\FRMANAGER\DEBUG\FRMANAGER.OCX.EMBED.MANIFEST.RES
C:\DOCUMENTS AND SETTINGS\ADMINISTRATOR\桌面\待做\A_家庭服务机器人\FRMANAGER\DEBUG\FRMANAGER.OCX.INTERMEDIATE.MANIFEST
C:\DOCUMENTS AND SETTINGS\ADMINISTRATOR\桌面\待做\A_家庭服务机器人\FRMANAGER\DEBUG\FRMANAGER.PCH
C:\DOCUMENTS AND SETTINGS\ADMINISTRATOR\桌面\待做\A_家庭服务机器人\FRMANAGER\DEBUG\FRMANAGER.RES
C:\DOCUMENTS AND SETTINGS\ADMINISTRATOR\桌面\待做\A_家庭服务机器人\FRMANAGER\DEBUG\FRMANAGER.TLB
C:\Documents and Settings\Administrator\桌面\待做\A_家庭服务机器人\FRManager\Debug\FRManager.write.1.tlog
C:\Documents and Settings\Administrator\桌面\待做\A_家庭服务机器人\FRManager\Debug\FRManager_manifest.rc
C:\DOCUMENTS AND SETTINGS\ADMINISTRATOR\桌面\待做\A_家庭服务机器人\FRMANAGER\DEBUG\FRMANAGERCTRL.OBJ
C:\DOCUMENTS AND SETTINGS\ADMINISTRATOR\桌面\待做\A_家庭服务机器人\FRMANAGER\DEBUG\FRMANAGERPROPPAGE.OBJ
C:\DOCUMENTS AND SETTINGS\ADMINISTRATOR\桌面\待做\A_家庭服务机器人\FRMANAGER\DEBUG\LIGHTSET.OBJ
C:\Documents and Settings\Administrator\桌面\待做\A_家庭服务机器人\FRManager\Debug\link.command.1.tlog
C:\Documents and Settings\Administrator\桌面\待做\A_家庭服务机器人\FRManager\Debug\link.read.1.tlog
C:\Documents and Settings\Administrator\桌面\待做\A_家庭服务机器人\FRManager\Debug\link.write.1.tlog
C:\Documents and Settings\Administrator\桌面\待做\A_家庭服务机器人\FRManager\Debug\link-cvtres.read.1.tlog
C:\Documents and Settings\Administrator\桌面\待做\A_家庭服务机器人\FRManager\Debug\link-cvtres.write.1.tlog
C:\Documents and Settings\Administrator\桌面\待做\A_家庭服务机器人\FRManager\Debug\midl.command.1.tlog
C:\Documents and Settings\Administrator\桌面\待做\A_家庭服务机器人\FRManager\Debug\midl.read.1.tlog
C:\Documents and Settings\Administrator\桌面\待做\A_家庭服务机器人\FRManager\Debug\midl.write.1.tlog
C:\Documents and Settings\Administrator\桌面\待做\A_家庭服务机器人\FRManager\Debug\midl-midlc.read.1.tlog
C:\Documents and Settings\Administrator\桌面\待做\A_家庭服务机器人\FRManager\Debug\midl-midlc.write.1.tlog
C:\Documents and Settings\Administrator\桌面\待做\A_家庭服务机器人\FRManager\Debug\midl-midlc-cl.read.1.tlog
C:\Documents and Settings\Administrator\桌面\待做\A_家庭服务机器人\FRManager\Debug\mt.command.1.tlog
C:\Documents and Settings\Administrator\桌面\待做\A_家庭服务机器人\FRManager\Debug\mt.read.1.tlog
C:\Documents and Settings\Administrator\桌面\待做\A_家庭服务机器人\FRManager\Debug\mt.write.1.tlog
C:\Documents and Settings\Administrator\桌面\待做\A_家庭服务机器人\FRManager\Debug\rc.command.1.tlog
C:\Documents and Settings\Administrator\桌面\待做\A_家庭服务机器人\FRManager\Debug\rc.read.1.tlog
C:\Documents and Settings\Administrator\桌面\待做\A_家庭服务机器人\FRManager\Debug\rc.write.1.tlog
C:\DOCUMENTS AND SETTINGS\ADMINISTRATOR\桌面\待做\A_家庭服务机器人\FRMANAGER\DEBUG\STDAFX.OBJ
C:\Documents and Settings\Administrator\桌面\待做\A_家庭服务机器人\FRManager\Debug\vc100.idb
C:\DOCUMENTS AND SETTINGS\ADMINISTRATOR\桌面\待做\A_家庭服务机器人\FRMANAGER\DEBUG\VC100.PDB
C:\DOCUMENTS AND SETTINGS\ADMINISTRATOR\桌面\待做\A_家庭服务机器人\FRMANAGER\FRMANAGER_I.C
C:\DOCUMENTS AND SETTINGS\ADMINISTRATOR\桌面\待做\A_家庭服务机器人\FRMANAGER\FRMANAGERIDL.H
