C:\Users\LiZhibo\Desktop\A_家庭服务机器人\Debug\SRecoManager.exp
C:\USERS\LIZHIBO\DESKTOP\A_家庭服务机器人\DEBUG\SRECOMANAGER.ILK
C:\Users\LiZhibo\Desktop\A_家庭服务机器人\Debug\SRecoManager.lib
C:\USERS\LIZHIBO\DESKTOP\A_家庭服务机器人\DEBUG\SRECOMANAGER.OCX
C:\USERS\LIZHIBO\DESKTOP\A_家庭服务机器人\DEBUG\SRECOMANAGER.PDB
C:\Users\LiZhibo\Desktop\A_家庭服务机器人\SRecoManager\SRecoManager\Debug\cl.command.1.tlog
C:\Users\LiZhibo\Desktop\A_家庭服务机器人\SRecoManager\SRecoManager\Debug\CL.read.1.tlog
C:\Users\LiZhibo\Desktop\A_家庭服务机器人\SRecoManager\SRecoManager\Debug\CL.write.1.tlog
C:\Users\LiZhibo\Desktop\A_家庭服务机器人\SRecoManager\SRecoManager\Debug\link.command.1.tlog
C:\Users\LiZhibo\Desktop\A_家庭服务机器人\SRecoManager\SRecoManager\Debug\link.read.1.tlog
C:\Users\LiZhibo\Desktop\A_家庭服务机器人\SRecoManager\SRecoManager\Debug\link.write.1.tlog
C:\Users\LiZhibo\Desktop\A_家庭服务机器人\SRecoManager\SRecoManager\Debug\link-cvtres.read.1.tlog
C:\Users\LiZhibo\Desktop\A_家庭服务机器人\SRecoManager\SRecoManager\Debug\link-cvtres.write.1.tlog
C:\Users\LiZhibo\Desktop\A_家庭服务机器人\SRecoManager\SRecoManager\Debug\midl.command.1.tlog
C:\Users\LiZhibo\Desktop\A_家庭服务机器人\SRecoManager\SRecoManager\Debug\midl.read.1.tlog
C:\Users\LiZhibo\Desktop\A_家庭服务机器人\SRecoManager\SRecoManager\Debug\midl.write.1.tlog
C:\Users\LiZhibo\Desktop\A_家庭服务机器人\SRecoManager\SRecoManager\Debug\midl-midlc.read.1.tlog
C:\Users\LiZhibo\Desktop\A_家庭服务机器人\SRecoManager\SRecoManager\Debug\midl-midlc.write.1.tlog
C:\Users\LiZhibo\Desktop\A_家庭服务机器人\SRecoManager\SRecoManager\Debug\midl-midlc-cl.read.1.tlog
C:\Users\LiZhibo\Desktop\A_家庭服务机器人\SRecoManager\SRecoManager\Debug\mt.command.1.tlog
C:\Users\LiZhibo\Desktop\A_家庭服务机器人\SRecoManager\SRecoManager\Debug\mt.read.1.tlog
C:\Users\LiZhibo\Desktop\A_家庭服务机器人\SRecoManager\SRecoManager\Debug\mt.write.1.tlog
C:\Users\LiZhibo\Desktop\A_家庭服务机器人\SRecoManager\SRecoManager\Debug\rc.command.1.tlog
C:\Users\LiZhibo\Desktop\A_家庭服务机器人\SRecoManager\SRecoManager\Debug\rc.read.1.tlog
C:\Users\LiZhibo\Desktop\A_家庭服务机器人\SRecoManager\SRecoManager\Debug\rc.write.1.tlog
C:\USERS\LIZHIBO\DESKTOP\A_家庭服务机器人\SRECOMANAGER\SRECOMANAGER\DEBUG\SPEECHRECOGNITION.OBJ
C:\USERS\LIZHIBO\DESKTOP\A_家庭服务机器人\SRECOMANAGER\SRECOMANAGER\DEBUG\SRECOMANAGER.OBJ
C:\Users\LiZhibo\Desktop\A_家庭服务机器人\SRecoManager\SRecoManager\Debug\SRecoManager.ocx.embed.manifest
C:\USERS\LIZHIBO\DESKTOP\A_家庭服务机器人\SRECOMANAGER\SRECOMANAGER\DEBUG\SRECOMANAGER.OCX.EMBED.MANIFEST.RES
C:\USERS\LIZHIBO\DESKTOP\A_家庭服务机器人\SRECOMANAGER\SRECOMANAGER\DEBUG\SRECOMANAGER.OCX.INTERMEDIATE.MANIFEST
C:\USERS\LIZHIBO\DESKTOP\A_家庭服务机器人\SRECOMANAGER\SRECOMANAGER\DEBUG\SRECOMANAGER.PCH
C:\USERS\LIZHIBO\DESKTOP\A_家庭服务机器人\SRECOMANAGER\SRECOMANAGER\DEBUG\SRECOMANAGER.RES
C:\USERS\LIZHIBO\DESKTOP\A_家庭服务机器人\SRECOMANAGER\SRECOMANAGER\DEBUG\SRECOMANAGER.TLB
C:\Users\LiZhibo\Desktop\A_家庭服务机器人\SRecoManager\SRecoManager\Debug\SRecoManager.write.1.tlog
C:\Users\LiZhibo\Desktop\A_家庭服务机器人\SRecoManager\SRecoManager\Debug\SRecoManager_manifest.rc
C:\USERS\LIZHIBO\DESKTOP\A_家庭服务机器人\SRECOMANAGER\SRECOMANAGER\DEBUG\SRECOMANAGERCTRL.OBJ
C:\USERS\LIZHIBO\DESKTOP\A_家庭服务机器人\SRECOMANAGER\SRECOMANAGER\DEBUG\SRECOMANAGERPROPPAGE.OBJ
C:\USERS\LIZHIBO\DESKTOP\A_家庭服务机器人\SRECOMANAGER\SRECOMANAGER\DEBUG\STDAFX.OBJ
C:\Users\LiZhibo\Desktop\A_家庭服务机器人\SRecoManager\SRecoManager\Debug\vc100.idb
C:\USERS\LIZHIBO\DESKTOP\A_家庭服务机器人\SRECOMANAGER\SRECOMANAGER\DEBUG\VC100.PDB
C:\USERS\LIZHIBO\DESKTOP\A_家庭服务机器人\SRECOMANAGER\SRECOMANAGER\SRECOMANAGER_I.C
C:\USERS\LIZHIBO\DESKTOP\A_家庭服务机器人\SRECOMANAGER\SRECOMANAGER\SRECOMANAGERIDL.H
C:\USERS\LIZHIBO\DESKTOP\SRECOMANAGER\SRECOMANAGER\DEBUG\SPEECHRECOGNITION.OBJ
C:\USERS\LIZHIBO\DESKTOP\SRECOMANAGER\SRECOMANAGER\DEBUG\SRECOMANAGER.OBJ
C:\USERS\LIZHIBO\DESKTOP\SRECOMANAGER\SRECOMANAGER\DEBUG\SRECOMANAGER.OCX.EMBED.MANIFEST
C:\USERS\LIZHIBO\DESKTOP\SRECOMANAGER\SRECOMANAGER\DEBUG\SRECOMANAGER.OCX.EMBED.MANIFEST.RES
C:\USERS\LIZHIBO\DESKTOP\SRECOMANAGER\SRECOMANAGER\DEBUG\SRECOMANAGER.PCH
C:\USERS\LIZHIBO\DESKTOP\SRECOMANAGER\SRECOMANAGER\DEBUG\SRECOMANAGER.RES
C:\USERS\LIZHIBO\DESKTOP\SRECOMANAGER\SRECOMANAGER\DEBUG\SRECOMANAGER.TLB
C:\USERS\LIZHIBO\DESKTOP\SRECOMANAGER\SRECOMANAGER\DEBUG\SRECOMANAGERCTRL.OBJ
C:\USERS\LIZHIBO\DESKTOP\SRECOMANAGER\SRECOMANAGER\DEBUG\SRECOMANAGERPROPPAGE.OBJ
C:\USERS\LIZHIBO\DESKTOP\SRECOMANAGER\SRECOMANAGER\DEBUG\STDAFX.OBJ
C:\USERS\LIZHIBO\DESKTOP\SRECOMANAGER\SRECOMANAGER\DEBUG\VC100.PDB
C:\USERS\LIZHIBO\DESKTOP\SRECOMANAGER\SRECOMANAGER\SRECOMANAGER_I.C
C:\USERS\LIZHIBO\DESKTOP\SRECOMANAGER\SRECOMANAGER\SRECOMANAGERIDL.H
