生成启动时间为 2013/3/29 9:58:37。
     1>项目“C:\Users\LiZhibo\Desktop\A_家庭服务机器人\SRecoManager\SRecoManager\SRecoManager.vcxproj”在节点 2 上(build 个目标)。
     1>InitializeBuildStatus:
         正在对“Debug\SRecoManager.unsuccessfulbuild”执行 Touch 任务。
       Midl:
         所有输出均为最新。
       ClCompile:
         所有输出均为最新。
         所有输出均为最新。
       ResourceCompile:
         所有输出均为最新。
       ManifestResourceCompile:
         所有输出均为最新。
       Link:
         C:\Program Files\Microsoft Visual Studio 10.0\VC\bin\link.exe /ERRORREPORT:PROMPT /OUT:"C:\Users\LiZhibo\Desktop\A_家庭服务机器人\Debug\SRecoManager.ocx" /INCREMENTAL /NOLOGO kernel32.lib user32.lib gdi32.lib winspool.lib comdlg32.lib advapi32.lib shell32.lib ole32.lib oleaut32.lib uuid.lib odbc32.lib odbccp32.lib opencv_calib3d231.lib opencv_calib3d231d.lib opencv_contrib231.lib opencv_contrib231d.lib opencv_core231.lib opencv_core231d.lib opencv_features2d231.lib opencv_features2d231d.lib opencv_flann231.lib opencv_flann231d.lib opencv_gpu231.lib opencv_gpu231d.lib opencv_haartraining_engine.lib opencv_haartraining_engined.lib opencv_highgui231.lib opencv_highgui231d.lib opencv_imgproc231.lib opencv_imgproc231d.lib opencv_legacy231.lib opencv_legacy231d.lib opencv_ml231.lib opencv_ml231d.lib opencv_objdetect231.lib opencv_objdetect231d.lib opencv_ts231.lib opencv_ts231d.lib opencv_video231.lib opencv_video231d.lib /DEF:".\SRecoManager.def" /MANIFEST /ManifestFile:"Debug\SRecoManager.ocx.intermediate.manifest" /MANIFESTUAC:"level='asInvoker' uiAccess='false'" /DEBUG /PDB:"C:\Users\LiZhibo\Desktop\A_家庭服务机器人\Debug\SRecoManager.pdb" /SUBSYSTEM:WINDOWS /TLBID:1 /DYNAMICBASE /NXCOMPAT /IMPLIB:"C:\Users\LiZhibo\Desktop\A_家庭服务机器人\Debug\SRecoManager.lib" /MACHINE:X86 /DLL Debug\SRecoManager.res
         Debug\SRecoManager.ocx.embed.manifest.res
         Debug\SpeechRecognition.obj
         Debug\SRecoManager.obj
         Debug\SRecoManagerCtrl.obj
         Debug\SRecoManagerPropPage.obj
         Debug\stdafx.obj
            正在创建库 C:\Users\LiZhibo\Desktop\A_家庭服务机器人\Debug\SRecoManager.lib 和对象 C:\Users\LiZhibo\Desktop\A_家庭服务机器人\Debug\SRecoManager.exp
       Manifest:
         C:\Program Files\Microsoft SDKs\Windows\v7.0A\bin\mt.exe /nologo /verbose /out:"Debug\SRecoManager.ocx.embed.manifest" /manifest Debug\SRecoManager.ocx.intermediate.manifest "C:\Program Files\Microsoft Visual Studio 10.0\VC\Include\Manifest\dpiaware.manifest"
         C:\Program Files\Microsoft SDKs\Windows\v7.0A\bin\rc.exe /nologo /fo"Debug\SRecoManager.ocx.embed.manifest.res" Debug\SRecoManager_manifest.rc 
       LinkEmbedManifest:
         C:\Program Files\Microsoft Visual Studio 10.0\VC\bin\link.exe /ERRORREPORT:PROMPT /OUT:"C:\Users\LiZhibo\Desktop\A_家庭服务机器人\Debug\SRecoManager.ocx" /INCREMENTAL /NOLOGO kernel32.lib user32.lib gdi32.lib winspool.lib comdlg32.lib advapi32.lib shell32.lib ole32.lib oleaut32.lib uuid.lib odbc32.lib odbccp32.lib opencv_calib3d231.lib opencv_calib3d231d.lib opencv_contrib231.lib opencv_contrib231d.lib opencv_core231.lib opencv_core231d.lib opencv_features2d231.lib opencv_features2d231d.lib opencv_flann231.lib opencv_flann231d.lib opencv_gpu231.lib opencv_gpu231d.lib opencv_haartraining_engine.lib opencv_haartraining_engined.lib opencv_highgui231.lib opencv_highgui231d.lib opencv_imgproc231.lib opencv_imgproc231d.lib opencv_legacy231.lib opencv_legacy231d.lib opencv_ml231.lib opencv_ml231d.lib opencv_objdetect231.lib opencv_objdetect231d.lib opencv_ts231.lib opencv_ts231d.lib opencv_video231.lib opencv_video231d.lib /DEF:".\SRecoManager.def" /MANIFEST /ManifestFile:"Debug\SRecoManager.ocx.intermediate.manifest" /MANIFESTUAC:"level='asInvoker' uiAccess='false'" /DEBUG /PDB:"C:\Users\LiZhibo\Desktop\A_家庭服务机器人\Debug\SRecoManager.pdb" /SUBSYSTEM:WINDOWS /TLBID:1 /DYNAMICBASE /NXCOMPAT /IMPLIB:"C:\Users\LiZhibo\Desktop\A_家庭服务机器人\Debug\SRecoManager.lib" /MACHINE:X86 /DLL Debug\SRecoManager.res
         Debug\SRecoManager.ocx.embed.manifest.res
         Debug\SpeechRecognition.obj
         Debug\SRecoManager.obj
         Debug\SRecoManagerCtrl.obj
         Debug\SRecoManagerPropPage.obj
         Debug\stdafx.obj
         SRecoManager.vcxproj -> C:\Users\LiZhibo\Desktop\A_家庭服务机器人\Debug\SRecoManager.ocx
       RegisterOutput:
         regsvr32 /s "C:\Users\LiZhibo\Desktop\A_家庭服务机器人\Debug\SRecoManager.ocx"
       FinalizeBuildStatus:
         正在删除文件“Debug\SRecoManager.unsuccessfulbuild”。
         正在对“Debug\SRecoManager.lastbuildstate”执行 Touch 任务。
     1>已完成生成项目“C:\Users\LiZhibo\Desktop\A_家庭服务机器人\SRecoManager\SRecoManager\SRecoManager.vcxproj”(build 个目标)的操作。

生成成功。

已用时间 00:00:04.24
