C:\USERS\LIZHIBO\DESKTOP\A_家庭服务机器人\FRMANAGER\FRMANAGER_I.C
C:\USERS\LIZHIBO\DESKTOP\A_家庭服务机器人\FRMANAGER\FRMANAGERIDL.H
C:\Users\LiZhibo\Desktop\A_家庭服务机器人\FRManager\Release\cl.command.1.tlog
C:\Users\LiZhibo\Desktop\A_家庭服务机器人\FRManager\Release\CL.read.1.tlog
C:\Users\LiZhibo\Desktop\A_家庭服务机器人\FRManager\Release\CL.write.1.tlog
C:\USERS\LIZHIBO\DESKTOP\A_家庭服务机器人\FRMANAGER\RELEASE\CONTEHMM.OBJ
C:\USERS\LIZHIBO\DESKTOP\A_家庭服务机器人\FRMANAGER\RELEASE\CVVIMAGE.OBJ
C:\USERS\LIZHIBO\DESKTOP\A_家庭服务机器人\FRMANAGER\RELEASE\FACEBASE.OBJ
C:\USERS\LIZHIBO\DESKTOP\A_家庭服务机器人\FRMANAGER\RELEASE\FACEDETECT.OBJ
C:\USERS\LIZHIBO\DESKTOP\A_家庭服务机器人\FRMANAGER\RELEASE\FRMANAGER.OBJ
C:\USERS\LIZHIBO\DESKTOP\A_家庭服务机器人\FRMANAGER\RELEASE\FRMANAGER.PCH
C:\USERS\LIZHIBO\DESKTOP\A_家庭服务机器人\FRMANAGER\RELEASE\FRMANAGER.RES
C:\USERS\LIZHIBO\DESKTOP\A_家庭服务机器人\FRMANAGER\RELEASE\FRMANAGER.TLB
C:\USERS\LIZHIBO\DESKTOP\A_家庭服务机器人\FRMANAGER\RELEASE\FRMANAGERCTRL.OBJ
C:\USERS\LIZHIBO\DESKTOP\A_家庭服务机器人\FRMANAGER\RELEASE\FRMANAGERPROPPAGE.OBJ
C:\USERS\LIZHIBO\DESKTOP\A_家庭服务机器人\FRMANAGER\RELEASE\LIGHTSET.OBJ
C:\Users\LiZhibo\Desktop\A_家庭服务机器人\FRManager\Release\link.command.1.tlog
C:\Users\LiZhibo\Desktop\A_家庭服务机器人\FRManager\Release\link.read.1.tlog
C:\Users\LiZhibo\Desktop\A_家庭服务机器人\FRManager\Release\midl.command.1.tlog
C:\Users\LiZhibo\Desktop\A_家庭服务机器人\FRManager\Release\midl.read.1.tlog
C:\Users\LiZhibo\Desktop\A_家庭服务机器人\FRManager\Release\midl.write.1.tlog
C:\Users\LiZhibo\Desktop\A_家庭服务机器人\FRManager\Release\midl-midlc.read.1.tlog
C:\Users\LiZhibo\Desktop\A_家庭服务机器人\FRManager\Release\midl-midlc.write.1.tlog
C:\Users\LiZhibo\Desktop\A_家庭服务机器人\FRManager\Release\midl-midlc-cl.read.1.tlog
C:\Users\LiZhibo\Desktop\A_家庭服务机器人\FRManager\Release\rc.command.1.tlog
C:\Users\LiZhibo\Desktop\A_家庭服务机器人\FRManager\Release\rc.read.1.tlog
C:\Users\LiZhibo\Desktop\A_家庭服务机器人\FRManager\Release\rc.write.1.tlog
C:\USERS\LIZHIBO\DESKTOP\A_家庭服务机器人\FRMANAGER\RELEASE\STDAFX.OBJ
C:\USERS\LIZHIBO\DESKTOP\A_家庭服务机器人\FRMANAGER\RELEASE\VC100.PDB
