生成启动时间为 2013/3/28 22:49:48。
     1>项目“C:\Users\LiZhibo\Desktop\A_家庭服务机器人\FRManager\FRManager.vcxproj”在节点 2 上(build 个目标)。
     1>InitializeBuildStatus:
         正在创建“Release\FRManager.unsuccessfulbuild”，因为已指定“AlwaysCreate”。
       Midl:
         所有输出均为最新。
       ClCompile:
         所有输出均为最新。
         所有输出均为最新。
       ResourceCompile:
         所有输出均为最新。
       Link:
         所有输出均为最新。
         FRManager.vcxproj -> C:\Users\LiZhibo\Desktop\A_家庭服务机器人\Release\FRManager.ocx
       Manifest:
         所有输出均为最新。
       FinalizeBuildStatus:
         正在删除文件“Release\FRManager.unsuccessfulbuild”。
         正在对“Release\FRManager.lastbuildstate”执行 Touch 任务。
     1>已完成生成项目“C:\Users\LiZhibo\Desktop\A_家庭服务机器人\FRManager\FRManager.vcxproj”(build 个目标)的操作。

生成成功。

已用时间 00:00:00.32
