生成启动时间为 2013/3/28 9:01:07。
     1>项目“C:\Users\LiZhibo\Desktop\A_家庭服务机器人\SRecoManager\SRecoManager\SRecoManager.vcxproj”在节点 2 上(rebuild 个目标)。
     1>_PrepareForClean:
         正在删除文件“Release\SRecoManager.lastbuildstate”。
       InitializeBuildStatus:
         正在对“Release\SRecoManager.unsuccessfulbuild”执行 Touch 任务。
       Midl:
         C:\Program Files\Microsoft SDKs\Windows\v7.0A\bin\midl.exe /D NDEBUG /W1 /nologo /char signed /env win32 /h "SRecoManageridl.h" /tlb "Release\SRecoManager.tlb" /robust SRecoManager.idl 
         Processing .\SRecoManager.idl
         SRecoManager.idl
         Processing C:\Program Files\Microsoft SDKs\Windows\v7.1\Include\oaidl.idl
         oaidl.idl
         Processing C:\Program Files\Microsoft SDKs\Windows\v7.1\Include\objidl.idl
         objidl.idl
         Processing C:\Program Files\Microsoft SDKs\Windows\v7.1\Include\unknwn.idl
         unknwn.idl
         Processing C:\Program Files\Microsoft SDKs\Windows\v7.1\Include\wtypes.idl
         wtypes.idl
         Processing C:\Program Files\Microsoft SDKs\Windows\v7.1\Include\basetsd.h
         basetsd.h
         Processing C:\Program Files\Microsoft SDKs\Windows\v7.1\Include\guiddef.h
         guiddef.h
         Processing C:\Program Files\Microsoft SDKs\Windows\v7.1\Include\oaidl.acf
         oaidl.acf
       ClCompile:
         C:\Program Files\Microsoft Visual Studio 10.0\VC\bin\CL.exe /c /Zi /nologo /W3 /WX- /O2 /Oi /Oy- /GL /D WIN32 /D _WINDOWS /D NDEBUG /D _USRDLL /D _WINDLL /D _MBCS /D _AFXDLL /Gm- /EHsc /MD /GS /Gy /fp:precise /Zc:wchar_t /Zc:forScope /Yc"StdAfx.h" /Fp"Release\SRecoManager.pch" /Fo"Release\\" /Fd"Release\vc100.pdb" /Gd /TP /analyze- /errorReport:prompt stdafx.cpp
         stdafx.cpp
         C:\Program Files\Microsoft Visual Studio 10.0\VC\bin\CL.exe /c /Zi /nologo /W3 /WX- /O2 /Oi /Oy- /GL /D WIN32 /D _WINDOWS /D NDEBUG /D _USRDLL /D _WINDLL /D _MBCS /D _AFXDLL /Gm- /EHsc /MD /GS /Gy /fp:precise /Zc:wchar_t /Zc:forScope /Yu"StdAfx.h" /Fp"Release\SRecoManager.pch" /Fo"Release\\" /Fd"Release\vc100.pdb" /Gd /TP /analyze- /errorReport:prompt SpeechRecognition.cpp SRecoManager.cpp SRecoManagerCtrl.cpp SRecoManagerPropPage.cpp
         SpeechRecognition.cpp
     1>SpeechRecognition.cpp(170): warning C4995: “wcscpy”: 名称被标记为 #pragma deprecated
     1>SpeechRecognition.cpp(170): warning C4996: 'wcscpy': This function or variable may be unsafe. Consider using wcscpy_s instead. To disable deprecation, use _CRT_SECURE_NO_WARNINGS. See online help for details.
                 C:\Program Files\Microsoft Visual Studio 10.0\VC\include\string.h(283) : 参见“wcscpy”的声明
         SRecoManager.cpp
         SRecoManagerCtrl.cpp
     1>c:\users\lizhibo\desktop\a_家庭服务机器人\srecomanager\srecomanager\CSelfUse.h(341): warning C4244: “=”: 从“ULONGLONG”转换到“LONG”，可能丢失数据
         SRecoManagerPropPage.cpp
       ResourceCompile:
         C:\Program Files\Microsoft SDKs\Windows\v7.0A\bin\rc.exe /D NDEBUG /D _AFXDLL /l"0x0804" /IRelease\ /nologo /fo"Release\SRecoManager.res" SRecoManager.rc 
       Link:
         C:\Program Files\Microsoft Visual Studio 10.0\VC\bin\link.exe /ERRORREPORT:PROMPT /OUT:"C:\Users\LiZhibo\Desktop\A_家庭服务机器人\Release\SRecoManager.ocx" /INCREMENTAL:NO /NOLOGO kernel32.lib user32.lib gdi32.lib winspool.lib comdlg32.lib advapi32.lib shell32.lib ole32.lib oleaut32.lib uuid.lib odbc32.lib odbccp32.lib opencv_calib3d231.lib opencv_calib3d231d.lib opencv_contrib231.lib opencv_contrib231d.lib opencv_core231.lib opencv_core231d.lib opencv_features2d231.lib opencv_features2d231d.lib opencv_flann231.lib opencv_flann231d.lib opencv_gpu231.lib opencv_gpu231d.lib opencv_haartraining_engine.lib opencv_haartraining_engined.lib opencv_highgui231.lib opencv_highgui231d.lib opencv_imgproc231.lib opencv_imgproc231d.lib opencv_legacy231.lib opencv_legacy231d.lib opencv_ml231.lib opencv_ml231d.lib opencv_objdetect231.lib opencv_objdetect231d.lib opencv_ts231.lib opencv_ts231d.lib opencv_video231.lib opencv_video231d.lib /DEF:".\SRecoManager.def" /MANIFEST /ManifestFile:"Release\SRecoManager.ocx.intermediate.manifest" /MANIFESTUAC:"level='asInvoker' uiAccess='false'" /DEBUG /PDB:"C:\Users\LiZhibo\Desktop\A_家庭服务机器人\Release\SRecoManager.pdb" /SUBSYSTEM:WINDOWS /OPT:REF /OPT:ICF /LTCG /TLBID:1 /DYNAMICBASE /NXCOMPAT /IMPLIB:"C:\Users\LiZhibo\Desktop\A_家庭服务机器人\Release\SRecoManager.lib" /MACHINE:X86 /DLL Release\SRecoManager.res
         Release\SpeechRecognition.obj
         Release\SRecoManager.obj
         Release\SRecoManagerCtrl.obj
         Release\SRecoManagerPropPage.obj
         Release\stdafx.obj
            正在创建库 C:\Users\LiZhibo\Desktop\A_家庭服务机器人\Release\SRecoManager.lib 和对象 C:\Users\LiZhibo\Desktop\A_家庭服务机器人\Release\SRecoManager.exp
         正在生成代码
         已完成代码的生成
         SRecoManager.vcxproj -> C:\Users\LiZhibo\Desktop\A_家庭服务机器人\Release\SRecoManager.ocx
       Manifest:
         C:\Program Files\Microsoft SDKs\Windows\v7.0A\bin\mt.exe /nologo /verbose /outputresource:"C:\Users\LiZhibo\Desktop\A_家庭服务机器人\Release\SRecoManager.ocx;#2" /manifest Release\SRecoManager.ocx.intermediate.manifest "C:\Program Files\Microsoft Visual Studio 10.0\VC\Include\Manifest\dpiaware.manifest"
       RegisterOutput:
         regsvr32 /s "C:\Users\LiZhibo\Desktop\A_家庭服务机器人\Release\SRecoManager.ocx"
       FinalizeBuildStatus:
         正在删除文件“Release\SRecoManager.unsuccessfulbuild”。
         正在对“Release\SRecoManager.lastbuildstate”执行 Touch 任务。
     1>已完成生成项目“C:\Users\LiZhibo\Desktop\A_家庭服务机器人\SRecoManager\SRecoManager\SRecoManager.vcxproj”(rebuild 个目标)的操作。

生成成功。

已用时间 00:00:04.31
